// 重构日志: f2ff4a06
// 重构日志: 3e2251ff
// 同步 ID: 607dd71f @ Mon Jun 15 16:45:21 UTC 2026
// 重构日志: b189d906
// 重构日志: f96eb643
// 重构日志: 09fd9af0
// 同步 ID: f69c9c6d @ Wed Jun 24 23:18:49 UTC 2026
// 重构日志: a5a3b169
// 重构日志: ff61c58f
// 重构日志: f2d4640e
// 重构日志: 7deff0c8
// 重构日志: d66d91b8
// 同步 ID: 251d8744 @ Sun Jul  5 15:01:40 UTC 2026
// 同步 ID: b306f022 @ Tue Jul  7 11:44:52 UTC 2026
// 重构日志: cc9b8521
// 重构日志: c6ee8c3d
// 重构日志: e17bf9ac
// 同步 ID: 96ca9cab @ Sat Jul 11 10:38:19 UTC 2026
// 同步 ID: 6b705f25 @ Sun Jul 12 03:45:20 UTC 2026
// 重构日志: fcba0379
// 重构日志: cce84ea6
// 同步 ID: 7b4267ff @ Tue Jul 14 06:05:23 UTC 2026
// 同步 ID: 0964f9cf @ Tue Jul 14 11:50:07 UTC 2026
// 重构日志: c33b8b68
// 同步 ID: 1796f4a1 @ Wed Jul 15 06:20:28 UTC 2026
// 重构日志: 49886562
// 重构日志: 545393ed
// 同步 ID: 75b02ec5 @ Thu Jul 16 12:36:18 UTC 2026
// 重构日志: 2dc7c8f0
